[20170917 21:38:57][INFO ][org.springframework.context.support.ClassPathXmlApplicationContext](AbstractApplicationContext.java:578) - Refreshing org.springframework.context.support.ClassPathXmlApplicationContext@256216b3: startup date [Sun Sep 17 21:38:57 CST 2017]; root of context hierarchy
[20170917 21:38:57][INFO ][org.springframework.beans.factory.xml.XmlBeanDefinitionReader](XmlBeanDefinitionReader.java:317) - Loading XML bean definitions from class path resource [applicationContext.xml]
[20170917 21:38:57][INFO ][org.springframework.beans.factory.xml.XmlBeanDefinitionReader](XmlBeanDefinitionReader.java:317) - Loading XML bean definitions from file [/home/richey/github/myProject/webapp-demo/target/classes/spring/applicationContext-AppConfig.xml]
[20170917 21:38:58][INFO ][org.springframework.beans.factory.xml.XmlBeanDefinitionReader](XmlBeanDefinitionReader.java:317) - Loading XML bean definitions from file [/home/richey/github/myProject/webapp-demo/target/classes/spring/applicationContext-mail.xml]
[20170917 21:38:58][INFO ][org.springframework.beans.factory.config.PreferencesPlaceholderConfigurer](PropertiesLoaderSupport.java:172) - Loading properties file from URL [file:/home/richey/github/myProject/webapp-demo/target/classes/jdbc.properties]
[20170917 21:38:58][INFO ][org.springframework.beans.factory.config.PreferencesPlaceholderConfigurer](PropertiesLoaderSupport.java:172) - Loading properties file from URL [file:/home/richey/github/myProject/webapp-demo/target/classes/mail.properties]
[20170917 22:34:34][INFO ][org.springframework.context.support.ClassPathXmlApplicationContext](AbstractApplicationContext.java:578) - Refreshing org.springframework.context.support.ClassPathXmlApplicationContext@1b40d5f0: startup date [Sun Sep 17 22:34:34 CST 2017]; root of context hierarchy
[20170917 22:34:34][INFO ][org.springframework.beans.factory.xml.XmlBeanDefinitionReader](XmlBeanDefinitionReader.java:317) - Loading XML bean definitions from class path resource [applicationContext.xml]
[20170917 22:34:34][INFO ][org.springframework.beans.factory.xml.XmlBeanDefinitionReader](XmlBeanDefinitionReader.java:317) - Loading XML bean definitions from file [/home/richey/github/myProject/webapp-demo/target/classes/spring/applicationContext-AppConfig.xml]
[20170917 22:34:35][INFO ][org.springframework.beans.factory.xml.XmlBeanDefinitionReader](XmlBeanDefinitionReader.java:317) - Loading XML bean definitions from file [/home/richey/github/myProject/webapp-demo/target/classes/spring/applicationContext-mail.xml]
[20170917 22:34:35][INFO ][org.springframework.beans.factory.config.PreferencesPlaceholderConfigurer](PropertiesLoaderSupport.java:172) - Loading properties file from URL [file:/home/richey/github/myProject/webapp-demo/target/classes/jdbc.properties]
[20170917 22:34:35][INFO ][org.springframework.beans.factory.config.PreferencesPlaceholderConfigurer](PropertiesLoaderSupport.java:172) - Loading properties file from URL [file:/home/richey/github/myProject/webapp-demo/target/classes/mail.properties]
[20170917 22:36:20][INFO ][org.springframework.context.support.ClassPathXmlApplicationContext](AbstractApplicationContext.java:578) - Refreshing org.springframework.context.support.ClassPathXmlApplicationContext@de3a06f: startup date [Sun Sep 17 22:36:20 CST 2017]; root of context hierarchy
[20170917 22:36:20][INFO ][org.springframework.beans.factory.xml.XmlBeanDefinitionReader](XmlBeanDefinitionReader.java:317) - Loading XML bean definitions from class path resource [applicationContext.xml]
[20170917 22:36:20][INFO ][org.springframework.beans.factory.xml.XmlBeanDefinitionReader](XmlBeanDefinitionReader.java:317) - Loading XML bean definitions from file [/home/richey/github/myProject/webapp-demo/target/classes/spring/applicationContext-AppConfig.xml]
[20170917 22:36:21][INFO ][org.springframework.beans.factory.xml.XmlBeanDefinitionReader](XmlBeanDefinitionReader.java:317) - Loading XML bean definitions from file [/home/richey/github/myProject/webapp-demo/target/classes/spring/applicationContext-mail.xml]
[20170917 22:36:21][INFO ][org.springframework.beans.factory.config.PreferencesPlaceholderConfigurer](PropertiesLoaderSupport.java:172) - Loading properties file from URL [file:/home/richey/github/myProject/webapp-demo/target/classes/jdbc.properties]
[20170917 22:36:21][INFO ][org.springframework.beans.factory.config.PreferencesPlaceholderConfigurer](PropertiesLoaderSupport.java:172) - Loading properties file from URL [file:/home/richey/github/myProject/webapp-demo/target/classes/mail.properties]
[20170917 22:37:51][INFO ][org.springframework.context.support.ClassPathXmlApplicationContext](AbstractApplicationContext.java:578) - Refreshing org.springframework.context.support.ClassPathXmlApplicationContext@1b40d5f0: startup date [Sun Sep 17 22:37:51 CST 2017]; root of context hierarchy
[20170917 22:37:51][INFO ][org.springframework.beans.factory.xml.XmlBeanDefinitionReader](XmlBeanDefinitionReader.java:317) - Loading XML bean definitions from class path resource [applicationContext.xml]
[20170917 22:37:51][INFO ][org.springframework.beans.factory.xml.XmlBeanDefinitionReader](XmlBeanDefinitionReader.java:317) - Loading XML bean definitions from file [/home/richey/github/myProject/webapp-demo/target/classes/spring/applicationContext-AppConfig.xml]
[20170917 22:37:51][INFO ][org.springframework.beans.factory.xml.XmlBeanDefinitionReader](XmlBeanDefinitionReader.java:317) - Loading XML bean definitions from file [/home/richey/github/myProject/webapp-demo/target/classes/spring/applicationContext-mail.xml]
[20170917 22:37:51][INFO ][org.springframework.beans.factory.config.PreferencesPlaceholderConfigurer](PropertiesLoaderSupport.java:172) - Loading properties file from URL [file:/home/richey/github/myProject/webapp-demo/target/classes/jdbc.properties]
[20170917 22:37:51][INFO ][org.springframework.beans.factory.config.PreferencesPlaceholderConfigurer](PropertiesLoaderSupport.java:172) - Loading properties file from URL [file:/home/richey/github/myProject/webapp-demo/target/classes/mail.properties]
[20170917 22:46:17][INFO ][org.springframework.context.support.ClassPathXmlApplicationContext](AbstractApplicationContext.java:578) - Refreshing org.springframework.context.support.ClassPathXmlApplicationContext@1b40d5f0: startup date [Sun Sep 17 22:46:17 CST 2017]; root of context hierarchy
[20170917 22:46:17][INFO ][org.springframework.beans.factory.xml.XmlBeanDefinitionReader](XmlBeanDefinitionReader.java:317) - Loading XML bean definitions from class path resource [applicationContext.xml]
[20170917 22:46:18][INFO ][org.springframework.beans.factory.xml.XmlBeanDefinitionReader](XmlBeanDefinitionReader.java:317) - Loading XML bean definitions from file [/home/richey/github/myProject/webapp-demo/target/classes/spring/applicationContext-AppConfig.xml]
[20170917 22:46:18][INFO ][org.springframework.beans.factory.xml.XmlBeanDefinitionReader](XmlBeanDefinitionReader.java:317) - Loading XML bean definitions from file [/home/richey/github/myProject/webapp-demo/target/classes/spring/applicationContext-mail.xml]
[20170917 22:46:18][INFO ][org.springframework.beans.factory.config.PreferencesPlaceholderConfigurer](PropertiesLoaderSupport.java:172) - Loading properties file from URL [file:/home/richey/github/myProject/webapp-demo/target/classes/jdbc.properties]
[20170917 22:46:18][INFO ][org.springframework.beans.factory.config.PreferencesPlaceholderConfigurer](PropertiesLoaderSupport.java:172) - Loading properties file from URL [file:/home/richey/github/myProject/webapp-demo/target/classes/mail.properties]
[20170917 22:46:57][INFO ][org.springframework.context.support.ClassPathXmlApplicationContext](AbstractApplicationContext.java:578) - Refreshing org.springframework.context.support.ClassPathXmlApplicationContext@de3a06f: startup date [Sun Sep 17 22:46:57 CST 2017]; root of context hierarchy
[20170917 22:46:57][INFO ][org.springframework.beans.factory.xml.XmlBeanDefinitionReader](XmlBeanDefinitionReader.java:317) - Loading XML bean definitions from class path resource [applicationContext.xml]
[20170917 22:46:57][INFO ][org.springframework.beans.factory.xml.XmlBeanDefinitionReader](XmlBeanDefinitionReader.java:317) - Loading XML bean definitions from file [/home/richey/github/myProject/webapp-demo/target/classes/spring/applicationContext-AppConfig.xml]
[20170917 22:46:57][INFO ][org.springframework.beans.factory.xml.XmlBeanDefinitionReader](XmlBeanDefinitionReader.java:317) - Loading XML bean definitions from file [/home/richey/github/myProject/webapp-demo/target/classes/spring/applicationContext-mail.xml]
[20170917 22:46:58][INFO ][org.springframework.beans.factory.config.PreferencesPlaceholderConfigurer](PropertiesLoaderSupport.java:172) - Loading properties file from URL [file:/home/richey/github/myProject/webapp-demo/target/classes/jdbc.properties]
[20170917 22:46:58][INFO ][org.springframework.beans.factory.config.PreferencesPlaceholderConfigurer](PropertiesLoaderSupport.java:172) - Loading properties file from URL [file:/home/richey/github/myProject/webapp-demo/target/classes/mail.properties]
[20170917 22:50:08][INFO ][org.springframework.context.support.ClassPathXmlApplicationContext](AbstractApplicationContext.java:578) - Refreshing org.springframework.context.support.ClassPathXmlApplicationContext@de3a06f: startup date [Sun Sep 17 22:50:08 CST 2017]; root of context hierarchy
[20170917 22:50:08][INFO ][org.springframework.beans.factory.xml.XmlBeanDefinitionReader](XmlBeanDefinitionReader.java:317) - Loading XML bean definitions from class path resource [applicationContext.xml]
[20170917 22:50:08][INFO ][org.springframework.beans.factory.xml.XmlBeanDefinitionReader](XmlBeanDefinitionReader.java:317) - Loading XML bean definitions from file [/home/richey/github/myProject/webapp-demo/target/classes/spring/applicationContext-AppConfig.xml]
[20170917 22:50:08][INFO ][org.springframework.beans.factory.xml.XmlBeanDefinitionReader](XmlBeanDefinitionReader.java:317) - Loading XML bean definitions from file [/home/richey/github/myProject/webapp-demo/target/classes/spring/applicationContext-mail.xml]
[20170917 22:50:08][INFO ][org.springframework.beans.factory.config.PreferencesPlaceholderConfigurer](PropertiesLoaderSupport.java:172) - Loading properties file from URL [file:/home/richey/github/myProject/webapp-demo/target/classes/jdbc.properties]
[20170917 22:50:08][INFO ][org.springframework.beans.factory.config.PreferencesPlaceholderConfigurer](PropertiesLoaderSupport.java:172) - Loading properties file from URL [file:/home/richey/github/myProject/webapp-demo/target/classes/mail.properties]
[20170917 22:51:28][INFO ][org.springframework.context.support.ClassPathXmlApplicationContext](AbstractApplicationContext.java:578) - Refreshing org.springframework.context.support.ClassPathXmlApplicationContext@1b40d5f0: startup date [Sun Sep 17 22:51:28 CST 2017]; root of context hierarchy
[20170917 22:51:28][INFO ][org.springframework.beans.factory.xml.XmlBeanDefinitionReader](XmlBeanDefinitionReader.java:317) - Loading XML bean definitions from class path resource [applicationContext.xml]
[20170917 22:51:28][INFO ][org.springframework.beans.factory.xml.XmlBeanDefinitionReader](XmlBeanDefinitionReader.java:317) - Loading XML bean definitions from file [/home/richey/github/myProject/webapp-demo/target/classes/spring/applicationContext-AppConfig.xml]
[20170917 22:51:29][INFO ][org.springframework.beans.factory.xml.XmlBeanDefinitionReader](XmlBeanDefinitionReader.java:317) - Loading XML bean definitions from file [/home/richey/github/myProject/webapp-demo/target/classes/spring/applicationContext-mail.xml]
[20170917 22:51:29][INFO ][org.springframework.beans.factory.config.PreferencesPlaceholderConfigurer](PropertiesLoaderSupport.java:172) - Loading properties file from URL [file:/home/richey/github/myProject/webapp-demo/target/classes/jdbc.properties]
[20170917 22:51:29][INFO ][org.springframework.beans.factory.config.PreferencesPlaceholderConfigurer](PropertiesLoaderSupport.java:172) - Loading properties file from URL [file:/home/richey/github/myProject/webapp-demo/target/classes/mail.properties]
[20170917 22:54:43][INFO ][org.springframework.context.support.ClassPathXmlApplicationContext](AbstractApplicationContext.java:578) - Refreshing org.springframework.context.support.ClassPathXmlApplicationContext@1b40d5f0: startup date [Sun Sep 17 22:54:43 CST 2017]; root of context hierarchy
[20170917 22:54:43][INFO ][org.springframework.beans.factory.xml.XmlBeanDefinitionReader](XmlBeanDefinitionReader.java:317) - Loading XML bean definitions from class path resource [applicationContext.xml]
[20170917 22:54:43][INFO ][org.springframework.beans.factory.xml.XmlBeanDefinitionReader](XmlBeanDefinitionReader.java:317) - Loading XML bean definitions from file [/home/richey/github/myProject/webapp-demo/target/classes/spring/applicationContext-AppConfig.xml]
[20170917 22:54:43][INFO ][org.springframework.beans.factory.xml.XmlBeanDefinitionReader](XmlBeanDefinitionReader.java:317) - Loading XML bean definitions from file [/home/richey/github/myProject/webapp-demo/target/classes/spring/applicationContext-mail.xml]
[20170917 22:54:43][INFO ][org.springframework.beans.factory.config.PreferencesPlaceholderConfigurer](PropertiesLoaderSupport.java:172) - Loading properties file from URL [file:/home/richey/github/myProject/webapp-demo/target/classes/jdbc.properties]
[20170917 22:54:43][INFO ][org.springframework.beans.factory.config.PreferencesPlaceholderConfigurer](PropertiesLoaderSupport.java:172) - Loading properties file from URL [file:/home/richey/github/myProject/webapp-demo/target/classes/mail.properties]
[20170917 22:57:50][INFO ][org.springframework.context.support.ClassPathXmlApplicationContext](AbstractApplicationContext.java:578) - Refreshing org.springframework.context.support.ClassPathXmlApplicationContext@1b40d5f0: startup date [Sun Sep 17 22:57:50 CST 2017]; root of context hierarchy
[20170917 22:57:50][INFO ][org.springframework.beans.factory.xml.XmlBeanDefinitionReader](XmlBeanDefinitionReader.java:317) - Loading XML bean definitions from class path resource [applicationContext.xml]
[20170917 22:57:51][INFO ][org.springframework.beans.factory.xml.XmlBeanDefinitionReader](XmlBeanDefinitionReader.java:317) - Loading XML bean definitions from file [/home/richey/github/myProject/webapp-demo/target/classes/spring/applicationContext-AppConfig.xml]
[20170917 22:57:51][INFO ][org.springframework.beans.factory.xml.XmlBeanDefinitionReader](XmlBeanDefinitionReader.java:317) - Loading XML bean definitions from file [/home/richey/github/myProject/webapp-demo/target/classes/spring/applicationContext-mail.xml]
[20170917 22:57:51][INFO ][org.springframework.beans.factory.config.PreferencesPlaceholderConfigurer](PropertiesLoaderSupport.java:172) - Loading properties file from URL [file:/home/richey/github/myProject/webapp-demo/target/classes/jdbc.properties]
[20170917 22:57:51][INFO ][org.springframework.beans.factory.config.PreferencesPlaceholderConfigurer](PropertiesLoaderSupport.java:172) - Loading properties file from URL [file:/home/richey/github/myProject/webapp-demo/target/classes/mail.properties]
[20170917 23:05:20][INFO ][org.springframework.context.support.ClassPathXmlApplicationContext](AbstractApplicationContext.java:578) - Refreshing org.springframework.context.support.ClassPathXmlApplicationContext@1b40d5f0: startup date [Sun Sep 17 23:05:20 CST 2017]; root of context hierarchy
[20170917 23:05:20][INFO ][org.springframework.beans.factory.xml.XmlBeanDefinitionReader](XmlBeanDefinitionReader.java:317) - Loading XML bean definitions from class path resource [applicationContext.xml]
[20170917 23:05:20][INFO ][org.springframework.beans.factory.xml.XmlBeanDefinitionReader](XmlBeanDefinitionReader.java:317) - Loading XML bean definitions from file [/home/richey/github/myProject/webapp-demo/target/classes/spring/applicationContext-AppConfig.xml]
[20170917 23:05:20][INFO ][org.springframework.beans.factory.xml.XmlBeanDefinitionReader](XmlBeanDefinitionReader.java:317) - Loading XML bean definitions from file [/home/richey/github/myProject/webapp-demo/target/classes/spring/applicationContext-mail.xml]
[20170917 23:05:21][INFO ][org.springframework.beans.factory.config.PreferencesPlaceholderConfigurer](PropertiesLoaderSupport.java:172) - Loading properties file from URL [file:/home/richey/github/myProject/webapp-demo/target/classes/jdbc.properties]
[20170917 23:05:21][INFO ][org.springframework.beans.factory.config.PreferencesPlaceholderConfigurer](PropertiesLoaderSupport.java:172) - Loading properties file from URL [file:/home/richey/github/myProject/webapp-demo/target/classes/mail.properties]
[20170917 23:09:19][INFO ][org.springframework.context.support.ClassPathXmlApplicationContext](AbstractApplicationContext.java:578) - Refreshing org.springframework.context.support.ClassPathXmlApplicationContext@de3a06f: startup date [Sun Sep 17 23:09:19 CST 2017]; root of context hierarchy
[20170917 23:09:19][INFO ][org.springframework.beans.factory.xml.XmlBeanDefinitionReader](XmlBeanDefinitionReader.java:317) - Loading XML bean definitions from class path resource [applicationContext.xml]
[20170917 23:09:19][INFO ][org.springframework.beans.factory.xml.XmlBeanDefinitionReader](XmlBeanDefinitionReader.java:317) - Loading XML bean definitions from file [/home/richey/github/myProject/webapp-demo/target/classes/spring/applicationContext-AppConfig.xml]
[20170917 23:09:19][INFO ][org.springframework.beans.factory.xml.XmlBeanDefinitionReader](XmlBeanDefinitionReader.java:317) - Loading XML bean definitions from file [/home/richey/github/myProject/webapp-demo/target/classes/spring/applicationContext-mail.xml]
[20170917 23:09:20][INFO ][org.springframework.beans.factory.config.PreferencesPlaceholderConfigurer](PropertiesLoaderSupport.java:172) - Loading properties file from URL [file:/home/richey/github/myProject/webapp-demo/target/classes/jdbc.properties]
[20170917 23:09:20][INFO ][org.springframework.beans.factory.config.PreferencesPlaceholderConfigurer](PropertiesLoaderSupport.java:172) - Loading properties file from URL [file:/home/richey/github/myProject/webapp-demo/target/classes/mail.properties]
[20170917 23:20:27][INFO ][org.springframework.context.support.ClassPathXmlApplicationContext](AbstractApplicationContext.java:578) - Refreshing org.springframework.context.support.ClassPathXmlApplicationContext@1b40d5f0: startup date [Sun Sep 17 23:20:27 CST 2017]; root of context hierarchy
[20170917 23:20:27][INFO ][org.springframework.beans.factory.xml.XmlBeanDefinitionReader](XmlBeanDefinitionReader.java:317) - Loading XML bean definitions from class path resource [applicationContext.xml]
[20170917 23:20:27][INFO ][org.springframework.beans.factory.xml.XmlBeanDefinitionReader](XmlBeanDefinitionReader.java:317) - Loading XML bean definitions from file [/home/richey/github/myProject/webapp-demo/target/classes/spring/applicationContext-AppConfig.xml]
[20170917 23:20:27][INFO ][org.springframework.beans.factory.xml.XmlBeanDefinitionReader](XmlBeanDefinitionReader.java:317) - Loading XML bean definitions from file [/home/richey/github/myProject/webapp-demo/target/classes/spring/applicationContext-mail.xml]
[20170917 23:20:27][INFO ][org.springframework.beans.factory.config.PreferencesPlaceholderConfigurer](PropertiesLoaderSupport.java:172) - Loading properties file from URL [file:/home/richey/github/myProject/webapp-demo/target/classes/jdbc.properties]
[20170917 23:20:27][INFO ][org.springframework.beans.factory.config.PreferencesPlaceholderConfigurer](PropertiesLoaderSupport.java:172) - Loading properties file from URL [file:/home/richey/github/myProject/webapp-demo/target/classes/mail.properties]
[20170917 23:22:29][INFO ][org.springframework.context.support.ClassPathXmlApplicationContext](AbstractApplicationContext.java:578) - Refreshing org.springframework.context.support.ClassPathXmlApplicationContext@5ba23b66: startup date [Sun Sep 17 23:22:29 CST 2017]; root of context hierarchy
[20170917 23:22:29][INFO ][org.springframework.beans.factory.xml.XmlBeanDefinitionReader](XmlBeanDefinitionReader.java:317) - Loading XML bean definitions from class path resource [applicationContext.xml]
[20170917 23:22:29][INFO ][org.springframework.beans.factory.xml.XmlBeanDefinitionReader](XmlBeanDefinitionReader.java:317) - Loading XML bean definitions from file [/home/richey/github/myProject/webapp-demo/target/classes/spring/applicationContext-AppConfig.xml]
[20170917 23:22:29][INFO ][org.springframework.beans.factory.xml.XmlBeanDefinitionReader](XmlBeanDefinitionReader.java:317) - Loading XML bean definitions from file [/home/richey/github/myProject/webapp-demo/target/classes/spring/applicationContext-mail.xml]
[20170917 23:22:30][INFO ][org.springframework.beans.factory.config.PreferencesPlaceholderConfigurer](PropertiesLoaderSupport.java:172) - Loading properties file from URL [file:/home/richey/github/myProject/webapp-demo/target/classes/jdbc.properties]
[20170917 23:22:30][INFO ][org.springframework.beans.factory.config.PreferencesPlaceholderConfigurer](PropertiesLoaderSupport.java:172) - Loading properties file from URL [file:/home/richey/github/myProject/webapp-demo/target/classes/mail.properties]
[20170917 23:24:03][INFO ][org.springframework.context.support.ClassPathXmlApplicationContext](AbstractApplicationContext.java:578) - Refreshing org.springframework.context.support.ClassPathXmlApplicationContext@1b40d5f0: startup date [Sun Sep 17 23:24:03 CST 2017]; root of context hierarchy
[20170917 23:24:03][INFO ][org.springframework.beans.factory.xml.XmlBeanDefinitionReader](XmlBeanDefinitionReader.java:317) - Loading XML bean definitions from class path resource [applicationContext.xml]
[20170917 23:24:04][INFO ][org.springframework.beans.factory.xml.XmlBeanDefinitionReader](XmlBeanDefinitionReader.java:317) - Loading XML bean definitions from file [/home/richey/github/myProject/webapp-demo/target/classes/spring/applicationContext-AppConfig.xml]
[20170917 23:24:04][INFO ][org.springframework.beans.factory.xml.XmlBeanDefinitionReader](XmlBeanDefinitionReader.java:317) - Loading XML bean definitions from file [/home/richey/github/myProject/webapp-demo/target/classes/spring/applicationContext-mail.xml]
[20170917 23:24:04][INFO ][org.springframework.beans.factory.config.PreferencesPlaceholderConfigurer](PropertiesLoaderSupport.java:172) - Loading properties file from URL [file:/home/richey/github/myProject/webapp-demo/target/classes/jdbc.properties]
[20170917 23:24:04][INFO ][org.springframework.beans.factory.config.PreferencesPlaceholderConfigurer](PropertiesLoaderSupport.java:172) - Loading properties file from URL [file:/home/richey/github/myProject/webapp-demo/target/classes/mail.properties]
[20170917 23:28:59][INFO ][org.springframework.context.support.ClassPathXmlApplicationContext](AbstractApplicationContext.java:578) - Refreshing org.springframework.context.support.ClassPathXmlApplicationContext@1b40d5f0: startup date [Sun Sep 17 23:28:59 CST 2017]; root of context hierarchy
[20170917 23:28:59][INFO ][org.springframework.beans.factory.xml.XmlBeanDefinitionReader](XmlBeanDefinitionReader.java:317) - Loading XML bean definitions from class path resource [applicationContext.xml]
[20170917 23:28:59][INFO ][org.springframework.beans.factory.xml.XmlBeanDefinitionReader](XmlBeanDefinitionReader.java:317) - Loading XML bean definitions from file [/home/richey/github/myProject/webapp-demo/target/classes/spring/applicationContext-AppConfig.xml]
[20170917 23:28:59][INFO ][org.springframework.beans.factory.xml.XmlBeanDefinitionReader](XmlBeanDefinitionReader.java:317) - Loading XML bean definitions from file [/home/richey/github/myProject/webapp-demo/target/classes/spring/applicationContext-mail.xml]
[20170917 23:28:59][INFO ][org.springframework.beans.factory.config.PreferencesPlaceholderConfigurer](PropertiesLoaderSupport.java:172) - Loading properties file from URL [file:/home/richey/github/myProject/webapp-demo/target/classes/jdbc.properties]
[20170917 23:28:59][INFO ][org.springframework.beans.factory.config.PreferencesPlaceholderConfigurer](PropertiesLoaderSupport.java:172) - Loading properties file from URL [file:/home/richey/github/myProject/webapp-demo/target/classes/mail.properties]
[20170917 23:31:28][INFO ][org.springframework.context.support.ClassPathXmlApplicationContext](AbstractApplicationContext.java:578) - Refreshing org.springframework.context.support.ClassPathXmlApplicationContext@1b40d5f0: startup date [Sun Sep 17 23:31:28 CST 2017]; root of context hierarchy
[20170917 23:31:28][INFO ][org.springframework.beans.factory.xml.XmlBeanDefinitionReader](XmlBeanDefinitionReader.java:317) - Loading XML bean definitions from class path resource [applicationContext.xml]
[20170917 23:31:28][INFO ][org.springframework.beans.factory.xml.XmlBeanDefinitionReader](XmlBeanDefinitionReader.java:317) - Loading XML bean definitions from file [/home/richey/github/myProject/webapp-demo/target/classes/spring/applicationContext-AppConfig.xml]
[20170917 23:31:28][INFO ][org.springframework.beans.factory.xml.XmlBeanDefinitionReader](XmlBeanDefinitionReader.java:317) - Loading XML bean definitions from file [/home/richey/github/myProject/webapp-demo/target/classes/spring/applicationContext-mail.xml]
[20170917 23:31:28][INFO ][org.springframework.beans.factory.config.PreferencesPlaceholderConfigurer](PropertiesLoaderSupport.java:172) - Loading properties file from URL [file:/home/richey/github/myProject/webapp-demo/target/classes/jdbc.properties]
[20170917 23:31:28][INFO ][org.springframework.beans.factory.config.PreferencesPlaceholderConfigurer](PropertiesLoaderSupport.java:172) - Loading properties file from URL [file:/home/richey/github/myProject/webapp-demo/target/classes/mail.properties]
[20170917 23:31:51][INFO ][org.springframework.context.support.ClassPathXmlApplicationContext](AbstractApplicationContext.java:578) - Refreshing org.springframework.context.support.ClassPathXmlApplicationContext@1b40d5f0: startup date [Sun Sep 17 23:31:51 CST 2017]; root of context hierarchy
[20170917 23:31:51][INFO ][org.springframework.beans.factory.xml.XmlBeanDefinitionReader](XmlBeanDefinitionReader.java:317) - Loading XML bean definitions from class path resource [applicationContext.xml]
[20170917 23:31:51][INFO ][org.springframework.beans.factory.xml.XmlBeanDefinitionReader](XmlBeanDefinitionReader.java:317) - Loading XML bean definitions from file [/home/richey/github/myProject/webapp-demo/target/classes/spring/applicationContext-AppConfig.xml]
[20170917 23:31:51][INFO ][org.springframework.beans.factory.xml.XmlBeanDefinitionReader](XmlBeanDefinitionReader.java:317) - Loading XML bean definitions from file [/home/richey/github/myProject/webapp-demo/target/classes/spring/applicationContext-mail.xml]
[20170917 23:31:52][INFO ][org.springframework.beans.factory.config.PreferencesPlaceholderConfigurer](PropertiesLoaderSupport.java:172) - Loading properties file from URL [file:/home/richey/github/myProject/webapp-demo/target/classes/jdbc.properties]
[20170917 23:31:52][INFO ][org.springframework.beans.factory.config.PreferencesPlaceholderConfigurer](PropertiesLoaderSupport.java:172) - Loading properties file from URL [file:/home/richey/github/myProject/webapp-demo/target/classes/mail.properties]
[20170917 23:34:18][INFO ][org.springframework.context.support.ClassPathXmlApplicationContext](AbstractApplicationContext.java:578) - Refreshing org.springframework.context.support.ClassPathXmlApplicationContext@1b40d5f0: startup date [Sun Sep 17 23:34:18 CST 2017]; root of context hierarchy
[20170917 23:34:18][INFO ][org.springframework.beans.factory.xml.XmlBeanDefinitionReader](XmlBeanDefinitionReader.java:317) - Loading XML bean definitions from class path resource [applicationContext.xml]
[20170917 23:34:18][INFO ][org.springframework.beans.factory.xml.XmlBeanDefinitionReader](XmlBeanDefinitionReader.java:317) - Loading XML bean definitions from file [/home/richey/github/myProject/webapp-demo/target/classes/spring/applicationContext-AppConfig.xml]
[20170917 23:34:18][INFO ][org.springframework.beans.factory.xml.XmlBeanDefinitionReader](XmlBeanDefinitionReader.java:317) - Loading XML bean definitions from file [/home/richey/github/myProject/webapp-demo/target/classes/spring/applicationContext-mail.xml]
[20170917 23:34:18][INFO ][org.springframework.beans.factory.config.PreferencesPlaceholderConfigurer](PropertiesLoaderSupport.java:172) - Loading properties file from URL [file:/home/richey/github/myProject/webapp-demo/target/classes/jdbc.properties]
[20170917 23:34:18][INFO ][org.springframework.beans.factory.config.PreferencesPlaceholderConfigurer](PropertiesLoaderSupport.java:172) - Loading properties file from URL [file:/home/richey/github/myProject/webapp-demo/target/classes/mail.properties]
[20170917 23:35:30][INFO ][org.springframework.context.support.ClassPathXmlApplicationContext](AbstractApplicationContext.java:578) - Refreshing org.springframework.context.support.ClassPathXmlApplicationContext@1b40d5f0: startup date [Sun Sep 17 23:35:30 CST 2017]; root of context hierarchy
[20170917 23:35:30][INFO ][org.springframework.beans.factory.xml.XmlBeanDefinitionReader](XmlBeanDefinitionReader.java:317) - Loading XML bean definitions from class path resource [applicationContext.xml]
[20170917 23:35:30][INFO ][org.springframework.beans.factory.xml.XmlBeanDefinitionReader](XmlBeanDefinitionReader.java:317) - Loading XML bean definitions from file [/home/richey/github/myProject/webapp-demo/target/classes/spring/applicationContext-AppConfig.xml]
[20170917 23:35:30][INFO ][org.springframework.beans.factory.xml.XmlBeanDefinitionReader](XmlBeanDefinitionReader.java:317) - Loading XML bean definitions from file [/home/richey/github/myProject/webapp-demo/target/classes/spring/applicationContext-mail.xml]
[20170917 23:35:31][INFO ][org.springframework.beans.factory.config.PreferencesPlaceholderConfigurer](PropertiesLoaderSupport.java:172) - Loading properties file from URL [file:/home/richey/github/myProject/webapp-demo/target/classes/jdbc.properties]
[20170917 23:35:31][INFO ][org.springframework.beans.factory.config.PreferencesPlaceholderConfigurer](PropertiesLoaderSupport.java:172) - Loading properties file from URL [file:/home/richey/github/myProject/webapp-demo/target/classes/mail.properties]
[20170917 23:38:04][INFO ][org.springframework.context.support.ClassPathXmlApplicationContext](AbstractApplicationContext.java:578) - Refreshing org.springframework.context.support.ClassPathXmlApplicationContext@1b40d5f0: startup date [Sun Sep 17 23:38:04 CST 2017]; root of context hierarchy
[20170917 23:38:04][INFO ][org.springframework.beans.factory.xml.XmlBeanDefinitionReader](XmlBeanDefinitionReader.java:317) - Loading XML bean definitions from class path resource [applicationContext.xml]
[20170917 23:38:05][INFO ][org.springframework.beans.factory.xml.XmlBeanDefinitionReader](XmlBeanDefinitionReader.java:317) - Loading XML bean definitions from file [/home/richey/github/myProject/webapp-demo/target/classes/spring/applicationContext-AppConfig.xml]
[20170917 23:38:05][INFO ][org.springframework.beans.factory.xml.XmlBeanDefinitionReader](XmlBeanDefinitionReader.java:317) - Loading XML bean definitions from file [/home/richey/github/myProject/webapp-demo/target/classes/spring/applicationContext-mail.xml]
[20170917 23:38:05][INFO ][org.springframework.beans.factory.config.PreferencesPlaceholderConfigurer](PropertiesLoaderSupport.java:172) - Loading properties file from URL [file:/home/richey/github/myProject/webapp-demo/target/classes/jdbc.properties]
[20170917 23:38:05][INFO ][org.springframework.beans.factory.config.PreferencesPlaceholderConfigurer](PropertiesLoaderSupport.java:172) - Loading properties file from URL [file:/home/richey/github/myProject/webapp-demo/target/classes/mail.properties]
[20170917 23:38:32][INFO ][org.springframework.context.support.ClassPathXmlApplicationContext](AbstractApplicationContext.java:578) - Refreshing org.springframework.context.support.ClassPathXmlApplicationContext@1b40d5f0: startup date [Sun Sep 17 23:38:32 CST 2017]; root of context hierarchy
[20170917 23:38:32][INFO ][org.springframework.beans.factory.xml.XmlBeanDefinitionReader](XmlBeanDefinitionReader.java:317) - Loading XML bean definitions from class path resource [applicationContext.xml]
[20170917 23:38:32][INFO ][org.springframework.beans.factory.xml.XmlBeanDefinitionReader](XmlBeanDefinitionReader.java:317) - Loading XML bean definitions from file [/home/richey/github/myProject/webapp-demo/target/classes/spring/applicationContext-AppConfig.xml]
[20170917 23:38:32][INFO ][org.springframework.beans.factory.xml.XmlBeanDefinitionReader](XmlBeanDefinitionReader.java:317) - Loading XML bean definitions from file [/home/richey/github/myProject/webapp-demo/target/classes/spring/applicationContext-mail.xml]
[20170917 23:38:32][INFO ][org.springframework.beans.factory.config.PreferencesPlaceholderConfigurer](PropertiesLoaderSupport.java:172) - Loading properties file from URL [file:/home/richey/github/myProject/webapp-demo/target/classes/jdbc.properties]
[20170917 23:38:32][INFO ][org.springframework.beans.factory.config.PreferencesPlaceholderConfigurer](PropertiesLoaderSupport.java:172) - Loading properties file from URL [file:/home/richey/github/myProject/webapp-demo/target/classes/mail.properties]
[20170917 23:39:03][INFO ][org.springframework.context.support.ClassPathXmlApplicationContext](AbstractApplicationContext.java:578) - Refreshing org.springframework.context.support.ClassPathXmlApplicationContext@1b40d5f0: startup date [Sun Sep 17 23:39:03 CST 2017]; root of context hierarchy
[20170917 23:39:03][INFO ][org.springframework.beans.factory.xml.XmlBeanDefinitionReader](XmlBeanDefinitionReader.java:317) - Loading XML bean definitions from class path resource [applicationContext.xml]
[20170917 23:39:03][INFO ][org.springframework.beans.factory.xml.XmlBeanDefinitionReader](XmlBeanDefinitionReader.java:317) - Loading XML bean definitions from file [/home/richey/github/myProject/webapp-demo/target/classes/spring/applicationContext-AppConfig.xml]
[20170917 23:39:03][INFO ][org.springframework.beans.factory.xml.XmlBeanDefinitionReader](XmlBeanDefinitionReader.java:317) - Loading XML bean definitions from file [/home/richey/github/myProject/webapp-demo/target/classes/spring/applicationContext-mail.xml]
[20170917 23:39:04][INFO ][org.springframework.beans.factory.config.PreferencesPlaceholderConfigurer](PropertiesLoaderSupport.java:172) - Loading properties file from URL [file:/home/richey/github/myProject/webapp-demo/target/classes/jdbc.properties]
[20170917 23:39:04][INFO ][org.springframework.beans.factory.config.PreferencesPlaceholderConfigurer](PropertiesLoaderSupport.java:172) - Loading properties file from URL [file:/home/richey/github/myProject/webapp-demo/target/classes/mail.properties]
[20170917 23:39:50][INFO ][org.springframework.context.support.ClassPathXmlApplicationContext](AbstractApplicationContext.java:578) - Refreshing org.springframework.context.support.ClassPathXmlApplicationContext@1b40d5f0: startup date [Sun Sep 17 23:39:50 CST 2017]; root of context hierarchy
[20170917 23:39:50][INFO ][org.springframework.beans.factory.xml.XmlBeanDefinitionReader](XmlBeanDefinitionReader.java:317) - Loading XML bean definitions from class path resource [applicationContext.xml]
[20170917 23:39:50][INFO ][org.springframework.beans.factory.xml.XmlBeanDefinitionReader](XmlBeanDefinitionReader.java:317) - Loading XML bean definitions from file [/home/richey/github/myProject/webapp-demo/target/classes/spring/applicationContext-AppConfig.xml]
[20170917 23:39:50][INFO ][org.springframework.beans.factory.xml.XmlBeanDefinitionReader](XmlBeanDefinitionReader.java:317) - Loading XML bean definitions from file [/home/richey/github/myProject/webapp-demo/target/classes/spring/applicationContext-mail.xml]
[20170917 23:39:50][INFO ][org.springframework.beans.factory.config.PreferencesPlaceholderConfigurer](PropertiesLoaderSupport.java:172) - Loading properties file from URL [file:/home/richey/github/myProject/webapp-demo/target/classes/jdbc.properties]
[20170917 23:39:50][INFO ][org.springframework.beans.factory.config.PreferencesPlaceholderConfigurer](PropertiesLoaderSupport.java:172) - Loading properties file from URL [file:/home/richey/github/myProject/webapp-demo/target/classes/mail.properties]
[20170918 22:42:32][INFO ][org.springframework.context.support.ClassPathXmlApplicationContext](AbstractApplicationContext.java:578) - Refreshing org.springframework.context.support.ClassPathXmlApplicationContext@1b40d5f0: startup date [Mon Sep 18 22:42:32 CST 2017]; root of context hierarchy
[20170918 22:42:33][INFO ][org.springframework.beans.factory.xml.XmlBeanDefinitionReader](XmlBeanDefinitionReader.java:317) - Loading XML bean definitions from class path resource [applicationContext.xml]
[20170918 22:42:33][INFO ][org.springframework.beans.factory.xml.XmlBeanDefinitionReader](XmlBeanDefinitionReader.java:317) - Loading XML bean definitions from file [/home/richey/github/myProject/webapp-demo/target/classes/spring/applicationContext-AppConfig.xml]
[20170918 22:42:34][INFO ][org.springframework.beans.factory.xml.XmlBeanDefinitionReader](XmlBeanDefinitionReader.java:317) - Loading XML bean definitions from file [/home/richey/github/myProject/webapp-demo/target/classes/spring/applicationContext-mail.xml]
[20170918 22:42:34][ERROR][com.demo.webapp.configer.DemoPropertyPlaceholderConfigurer](DemoPropertyPlaceholderConfigurer.java:69) - No properties file found in directory: /etc/richey.
[20170918 22:42:34][WARN ][org.springframework.context.support.ClassPathXmlApplicationContext](AbstractApplicationContext.java:546) - Exception encountered during context initialization - cancelling refresh attempt: org.springframework.beans.factory.BeanCreationException: Error creating bean with name 'com.demo.webapp.configer.DemoPropertyPlaceholderConfigurer#0' defined in file [/home/richey/github/myProject/webapp-demo/target/classes/spring/applicationContext-AppConfig.xml]: Invocation of init method failed; nested exception is java.lang.RuntimeException: No properties file found in directory: /etc/richey
[20170918 22:43:45][INFO ][org.springframework.context.support.ClassPathXmlApplicationContext](AbstractApplicationContext.java:578) - Refreshing org.springframework.context.support.ClassPathXmlApplicationContext@1b40d5f0: startup date [Mon Sep 18 22:43:45 CST 2017]; root of context hierarchy
[20170918 22:43:45][INFO ][org.springframework.beans.factory.xml.XmlBeanDefinitionReader](XmlBeanDefinitionReader.java:317) - Loading XML bean definitions from class path resource [applicationContext.xml]
[20170918 22:43:46][INFO ][org.springframework.beans.factory.xml.XmlBeanDefinitionReader](XmlBeanDefinitionReader.java:317) - Loading XML bean definitions from file [/home/richey/github/myProject/webapp-demo/target/classes/spring/applicationContext-AppConfig.xml]
[20170918 22:43:46][INFO ][org.springframework.beans.factory.xml.XmlBeanDefinitionReader](XmlBeanDefinitionReader.java:317) - Loading XML bean definitions from file [/home/richey/github/myProject/webapp-demo/target/classes/spring/applicationContext-mail.xml]
[20170918 22:43:46][INFO ][com.demo.webapp.configer.DemoPropertyPlaceholderConfigurer](DemoPropertyPlaceholderConfigurer.java:74) - Loading properties file : [/etc/richey/webapp-demo/mail.properties].
[20170918 22:43:46][INFO ][com.demo.webapp.configer.DemoPropertyPlaceholderConfigurer](DemoPropertyPlaceholderConfigurer.java:74) - Loading properties file : [/etc/richey/webapp-demo/jdbc.properties].
[20170918 22:43:46][INFO ][com.demo.webapp.configer.DemoPropertyPlaceholderConfigurer](PropertiesLoaderSupport.java:172) - Loading properties file from file [/etc/richey/webapp-demo/mail.properties]
[20170918 22:43:46][INFO ][com.demo.webapp.configer.DemoPropertyPlaceholderConfigurer](PropertiesLoaderSupport.java:172) - Loading properties file from file [/etc/richey/webapp-demo/jdbc.properties]
[20170918 22:44:12][INFO ][org.springframework.context.support.ClassPathXmlApplicationContext](AbstractApplicationContext.java:578) - Refreshing org.springframework.context.support.ClassPathXmlApplicationContext@1b40d5f0: startup date [Mon Sep 18 22:44:12 CST 2017]; root of context hierarchy
[20170918 22:44:12][INFO ][org.springframework.beans.factory.xml.XmlBeanDefinitionReader](XmlBeanDefinitionReader.java:317) - Loading XML bean definitions from class path resource [applicationContext.xml]
[20170918 22:44:13][INFO ][org.springframework.beans.factory.xml.XmlBeanDefinitionReader](XmlBeanDefinitionReader.java:317) - Loading XML bean definitions from file [/home/richey/github/myProject/webapp-demo/target/classes/spring/applicationContext-AppConfig.xml]
[20170918 22:44:13][INFO ][org.springframework.beans.factory.xml.XmlBeanDefinitionReader](XmlBeanDefinitionReader.java:317) - Loading XML bean definitions from file [/home/richey/github/myProject/webapp-demo/target/classes/spring/applicationContext-mail.xml]
[20170918 22:44:13][INFO ][com.demo.webapp.configer.DemoPropertyPlaceholderConfigurer](DemoPropertyPlaceholderConfigurer.java:74) - Loading properties file : [/etc/richey/webapp-demo/mail.properties].
[20170918 22:44:13][INFO ][com.demo.webapp.configer.DemoPropertyPlaceholderConfigurer](DemoPropertyPlaceholderConfigurer.java:74) - Loading properties file : [/etc/richey/webapp-demo/jdbc.properties].
[20170918 22:44:13][INFO ][com.demo.webapp.configer.DemoPropertyPlaceholderConfigurer](PropertiesLoaderSupport.java:172) - Loading properties file from file [/etc/richey/webapp-demo/mail.properties]
[20170918 22:44:13][INFO ][com.demo.webapp.configer.DemoPropertyPlaceholderConfigurer](PropertiesLoaderSupport.java:172) - Loading properties file from file [/etc/richey/webapp-demo/jdbc.properties]
[20170918 22:53:09][INFO ][org.springframework.context.support.ClassPathXmlApplicationContext](AbstractApplicationContext.java:578) - Refreshing org.springframework.context.support.ClassPathXmlApplicationContext@1b40d5f0: startup date [Mon Sep 18 22:53:09 CST 2017]; root of context hierarchy
[20170918 22:53:09][INFO ][org.springframework.beans.factory.xml.XmlBeanDefinitionReader](XmlBeanDefinitionReader.java:317) - Loading XML bean definitions from class path resource [applicationContext.xml]
[20170918 22:53:09][INFO ][org.springframework.beans.factory.xml.XmlBeanDefinitionReader](XmlBeanDefinitionReader.java:317) - Loading XML bean definitions from file [/home/richey/github/myProject/webapp-demo/target/classes/spring/applicationContext-AppConfig.xml]
[20170918 22:53:09][INFO ][org.springframework.beans.factory.xml.XmlBeanDefinitionReader](XmlBeanDefinitionReader.java:317) - Loading XML bean definitions from file [/home/richey/github/myProject/webapp-demo/target/classes/spring/applicationContext-mail.xml]
[20170918 22:53:09][INFO ][com.demo.webapp.configer.DemoPropertyPlaceholderConfigurer](DemoPropertyPlaceholderConfigurer.java:74) - Loading properties file : [/etc/richey/webapp-demo/mail.properties].
[20170918 22:53:09][INFO ][com.demo.webapp.configer.DemoPropertyPlaceholderConfigurer](DemoPropertyPlaceholderConfigurer.java:74) - Loading properties file : [/etc/richey/webapp-demo/jdbc.properties].
[20170918 22:53:09][INFO ][com.demo.webapp.configer.DemoPropertyPlaceholderConfigurer](PropertiesLoaderSupport.java:172) - Loading properties file from file [/etc/richey/webapp-demo/mail.properties]
[20170918 22:53:09][INFO ][com.demo.webapp.configer.DemoPropertyPlaceholderConfigurer](PropertiesLoaderSupport.java:172) - Loading properties file from file [/etc/richey/webapp-demo/jdbc.properties]
[20170918 23:34:14][INFO ][org.springframework.context.support.ClassPathXmlApplicationContext](AbstractApplicationContext.java:578) - Refreshing org.springframework.context.support.ClassPathXmlApplicationContext@1b40d5f0: startup date [Mon Sep 18 23:34:14 CST 2017]; root of context hierarchy
[20170918 23:34:14][INFO ][org.springframework.beans.factory.xml.XmlBeanDefinitionReader](XmlBeanDefinitionReader.java:317) - Loading XML bean definitions from class path resource [applicationContext.xml]
[20170918 23:34:14][INFO ][org.springframework.beans.factory.xml.XmlBeanDefinitionReader](XmlBeanDefinitionReader.java:317) - Loading XML bean definitions from file [/home/richey/github/myProject/webapp-demo/target/classes/spring/applicationContext-AppConfig.xml]
[20170918 23:34:14][INFO ][org.springframework.beans.factory.xml.XmlBeanDefinitionReader](XmlBeanDefinitionReader.java:317) - Loading XML bean definitions from file [/home/richey/github/myProject/webapp-demo/target/classes/spring/applicationContext-mail.xml]
[20170918 23:34:14][INFO ][com.demo.webapp.configer.DemoPropertyPlaceholderConfigurer](DemoPropertyPlaceholderConfigurer.java:74) - Loading properties file : [/etc/richey/webapp-demo/mail.properties].
[20170918 23:34:14][INFO ][com.demo.webapp.configer.DemoPropertyPlaceholderConfigurer](DemoPropertyPlaceholderConfigurer.java:74) - Loading properties file : [/etc/richey/webapp-demo/jdbc.properties].
[20170918 23:34:14][INFO ][com.demo.webapp.configer.DemoPropertyPlaceholderConfigurer](PropertiesLoaderSupport.java:172) - Loading properties file from file [/etc/richey/webapp-demo/mail.properties]
[20170918 23:34:14][INFO ][com.demo.webapp.configer.DemoPropertyPlaceholderConfigurer](PropertiesLoaderSupport.java:172) - Loading properties file from file [/etc/richey/webapp-demo/jdbc.properties]
[20170918 23:35:39][INFO ][org.springframework.context.support.ClassPathXmlApplicationContext](AbstractApplicationContext.java:578) - Refreshing org.springframework.context.support.ClassPathXmlApplicationContext@1b40d5f0: startup date [Mon Sep 18 23:35:39 CST 2017]; root of context hierarchy
[20170918 23:35:39][INFO ][org.springframework.beans.factory.xml.XmlBeanDefinitionReader](XmlBeanDefinitionReader.java:317) - Loading XML bean definitions from class path resource [applicationContext.xml]
[20170918 23:35:39][INFO ][org.springframework.beans.factory.xml.XmlBeanDefinitionReader](XmlBeanDefinitionReader.java:317) - Loading XML bean definitions from file [/home/richey/github/myProject/webapp-demo/target/classes/spring/applicationContext-AppConfig.xml]
[20170918 23:35:39][INFO ][org.springframework.beans.factory.xml.XmlBeanDefinitionReader](XmlBeanDefinitionReader.java:317) - Loading XML bean definitions from file [/home/richey/github/myProject/webapp-demo/target/classes/spring/applicationContext-mail.xml]
[20170918 23:35:39][INFO ][com.demo.webapp.configer.DemoPropertyPlaceholderConfigurer](DemoPropertyPlaceholderConfigurer.java:74) - Loading properties file : [/etc/richey/webapp-demo/mail.properties].
[20170918 23:35:39][INFO ][com.demo.webapp.configer.DemoPropertyPlaceholderConfigurer](DemoPropertyPlaceholderConfigurer.java:74) - Loading properties file : [/etc/richey/webapp-demo/jdbc.properties].
[20170918 23:35:39][INFO ][com.demo.webapp.configer.DemoPropertyPlaceholderConfigurer](PropertiesLoaderSupport.java:172) - Loading properties file from file [/etc/richey/webapp-demo/mail.properties]
[20170918 23:35:39][INFO ][com.demo.webapp.configer.DemoPropertyPlaceholderConfigurer](PropertiesLoaderSupport.java:172) - Loading properties file from file [/etc/richey/webapp-demo/jdbc.properties]
[20170918 23:36:11][INFO ][org.springframework.context.support.ClassPathXmlApplicationContext](AbstractApplicationContext.java:578) - Refreshing org.springframework.context.support.ClassPathXmlApplicationContext@1b40d5f0: startup date [Mon Sep 18 23:36:11 CST 2017]; root of context hierarchy
[20170918 23:36:11][INFO ][org.springframework.beans.factory.xml.XmlBeanDefinitionReader](XmlBeanDefinitionReader.java:317) - Loading XML bean definitions from class path resource [applicationContext.xml]
[20170918 23:36:11][INFO ][org.springframework.beans.factory.xml.XmlBeanDefinitionReader](XmlBeanDefinitionReader.java:317) - Loading XML bean definitions from file [/home/richey/github/myProject/webapp-demo/target/classes/spring/applicationContext-AppConfig.xml]
[20170918 23:36:11][INFO ][org.springframework.beans.factory.xml.XmlBeanDefinitionReader](XmlBeanDefinitionReader.java:317) - Loading XML bean definitions from file [/home/richey/github/myProject/webapp-demo/target/classes/spring/applicationContext-mail.xml]
[20170918 23:36:11][INFO ][com.demo.webapp.configer.DemoPropertyPlaceholderConfigurer](DemoPropertyPlaceholderConfigurer.java:74) - Loading properties file : [/etc/richey/webapp-demo/mail.properties].
[20170918 23:36:11][INFO ][com.demo.webapp.configer.DemoPropertyPlaceholderConfigurer](DemoPropertyPlaceholderConfigurer.java:74) - Loading properties file : [/etc/richey/webapp-demo/jdbc.properties].
[20170918 23:36:11][INFO ][com.demo.webapp.configer.DemoPropertyPlaceholderConfigurer](PropertiesLoaderSupport.java:172) - Loading properties file from file [/etc/richey/webapp-demo/mail.properties]
[20170918 23:36:11][INFO ][com.demo.webapp.configer.DemoPropertyPlaceholderConfigurer](PropertiesLoaderSupport.java:172) - Loading properties file from file [/etc/richey/webapp-demo/jdbc.properties]
[20170918 23:37:51][INFO ][org.springframework.context.support.ClassPathXmlApplicationContext](AbstractApplicationContext.java:578) - Refreshing org.springframework.context.support.ClassPathXmlApplicationContext@1b40d5f0: startup date [Mon Sep 18 23:37:51 CST 2017]; root of context hierarchy
[20170918 23:37:51][INFO ][org.springframework.beans.factory.xml.XmlBeanDefinitionReader](XmlBeanDefinitionReader.java:317) - Loading XML bean definitions from class path resource [applicationContext.xml]
[20170918 23:37:51][INFO ][org.springframework.beans.factory.xml.XmlBeanDefinitionReader](XmlBeanDefinitionReader.java:317) - Loading XML bean definitions from file [/home/richey/github/myProject/webapp-demo/target/classes/spring/applicationContext-AppConfig.xml]
[20170918 23:37:52][INFO ][org.springframework.beans.factory.xml.XmlBeanDefinitionReader](XmlBeanDefinitionReader.java:317) - Loading XML bean definitions from file [/home/richey/github/myProject/webapp-demo/target/classes/spring/applicationContext-mail.xml]
[20170918 23:37:52][INFO ][com.demo.webapp.configer.DemoPropertyPlaceholderConfigurer](DemoPropertyPlaceholderConfigurer.java:74) - Loading properties file : [/etc/richey/webapp-demo/mail.properties].
[20170918 23:37:52][INFO ][com.demo.webapp.configer.DemoPropertyPlaceholderConfigurer](DemoPropertyPlaceholderConfigurer.java:74) - Loading properties file : [/etc/richey/webapp-demo/jdbc.properties].
[20170918 23:37:52][INFO ][com.demo.webapp.configer.DemoPropertyPlaceholderConfigurer](PropertiesLoaderSupport.java:172) - Loading properties file from file [/etc/richey/webapp-demo/mail.properties]
[20170918 23:37:52][INFO ][com.demo.webapp.configer.DemoPropertyPlaceholderConfigurer](PropertiesLoaderSupport.java:172) - Loading properties file from file [/etc/richey/webapp-demo/jdbc.properties]
[20170919 23:33:30][INFO ][org.springframework.context.support.ClassPathXmlApplicationContext](AbstractApplicationContext.java:578) - Refreshing org.springframework.context.support.ClassPathXmlApplicationContext@3c5a99da: startup date [Tue Sep 19 23:33:30 CST 2017]; root of context hierarchy
[20170919 23:33:30][INFO ][org.springframework.beans.factory.xml.XmlBeanDefinitionReader](XmlBeanDefinitionReader.java:317) - Loading XML bean definitions from class path resource [applicationContext.xml]
[20170919 23:33:30][INFO ][org.springframework.beans.factory.xml.XmlBeanDefinitionReader](XmlBeanDefinitionReader.java:317) - Loading XML bean definitions from file [/home/richey/github/myProject/webapp-demo/target/classes/spring/applicationContext-AppConfig.xml]
[20170919 23:33:30][INFO ][org.springframework.beans.factory.xml.XmlBeanDefinitionReader](XmlBeanDefinitionReader.java:317) - Loading XML bean definitions from file [/home/richey/github/myProject/webapp-demo/target/classes/spring/applicationContext-mail.xml]
[20170919 23:33:30][INFO ][com.demo.webapp.configer.DemoPropertyPlaceholderConfigurer](DemoPropertyPlaceholderConfigurer.java:74) - Loading properties file : [/etc/richey/webapp-demo/mail.properties].
[20170919 23:33:30][INFO ][com.demo.webapp.configer.DemoPropertyPlaceholderConfigurer](DemoPropertyPlaceholderConfigurer.java:74) - Loading properties file : [/etc/richey/webapp-demo/jdbc.properties].
[20170919 23:33:30][INFO ][com.demo.webapp.configer.DemoPropertyPlaceholderConfigurer](PropertiesLoaderSupport.java:172) - Loading properties file from file [/etc/richey/webapp-demo/mail.properties]
[20170919 23:33:30][INFO ][com.demo.webapp.configer.DemoPropertyPlaceholderConfigurer](PropertiesLoaderSupport.java:172) - Loading properties file from file [/etc/richey/webapp-demo/jdbc.properties]
[20170920 21:54:36][INFO ][org.springframework.context.support.ClassPathXmlApplicationContext](AbstractApplicationContext.java:578) - Refreshing org.springframework.context.support.ClassPathXmlApplicationContext@11531931: startup date [Wed Sep 20 21:54:36 CST 2017]; root of context hierarchy
[20170920 21:54:36][INFO ][org.springframework.beans.factory.xml.XmlBeanDefinitionReader](XmlBeanDefinitionReader.java:317) - Loading XML bean definitions from class path resource [applicationContext.xml]
[20170920 21:54:36][INFO ][org.springframework.beans.factory.xml.XmlBeanDefinitionReader](XmlBeanDefinitionReader.java:317) - Loading XML bean definitions from file [/home/richey/github/myProject/webapp-demo/target/classes/spring/applicationContext-AppConfig.xml]
[20170920 21:54:37][INFO ][org.springframework.beans.factory.xml.XmlBeanDefinitionReader](XmlBeanDefinitionReader.java:317) - Loading XML bean definitions from file [/home/richey/github/myProject/webapp-demo/target/classes/spring/applicationContext-mail.xml]
[20170920 21:54:37][INFO ][com.demo.webapp.configer.DemoPropertyPlaceholderConfigurer](DemoPropertyPlaceholderConfigurer.java:74) - Loading properties file : [/etc/richey/webapp-demo/mail.properties].
[20170920 21:54:37][INFO ][com.demo.webapp.configer.DemoPropertyPlaceholderConfigurer](DemoPropertyPlaceholderConfigurer.java:74) - Loading properties file : [/etc/richey/webapp-demo/jdbc.properties].
[20170920 21:54:37][INFO ][com.demo.webapp.configer.DemoPropertyPlaceholderConfigurer](PropertiesLoaderSupport.java:172) - Loading properties file from file [/etc/richey/webapp-demo/mail.properties]
[20170920 21:54:37][INFO ][com.demo.webapp.configer.DemoPropertyPlaceholderConfigurer](PropertiesLoaderSupport.java:172) - Loading properties file from file [/etc/richey/webapp-demo/jdbc.properties]
[20170920 23:17:00][INFO ][org.springframework.context.support.ClassPathXmlApplicationContext](AbstractApplicationContext.java:578) - Refreshing org.springframework.context.support.ClassPathXmlApplicationContext@66d33a: startup date [Wed Sep 20 23:17:00 CST 2017]; root of context hierarchy
[20170920 23:17:00][INFO ][org.springframework.beans.factory.xml.XmlBeanDefinitionReader](XmlBeanDefinitionReader.java:317) - Loading XML bean definitions from class path resource [applicationContext.xml]
[20170920 23:17:00][INFO ][org.springframework.beans.factory.xml.XmlBeanDefinitionReader](XmlBeanDefinitionReader.java:317) - Loading XML bean definitions from file [/home/richey/github/myProject/webapp-demo/target/classes/spring/applicationContext-AppConfig.xml]
[20170920 23:17:01][INFO ][org.springframework.beans.factory.xml.XmlBeanDefinitionReader](XmlBeanDefinitionReader.java:317) - Loading XML bean definitions from file [/home/richey/github/myProject/webapp-demo/target/classes/spring/applicationContext-mail.xml]
[20170920 23:17:01][INFO ][com.demo.webapp.configer.DemoPropertyPlaceholderConfigurer](DemoPropertyPlaceholderConfigurer.java:74) - Loading properties file : [/etc/richey/webapp-demo/mail.properties].
[20170920 23:17:01][INFO ][com.demo.webapp.configer.DemoPropertyPlaceholderConfigurer](DemoPropertyPlaceholderConfigurer.java:74) - Loading properties file : [/etc/richey/webapp-demo/jdbc.properties].
[20170920 23:17:01][INFO ][com.demo.webapp.configer.DemoPropertyPlaceholderConfigurer](PropertiesLoaderSupport.java:172) - Loading properties file from file [/etc/richey/webapp-demo/mail.properties]
[20170920 23:17:01][INFO ][com.demo.webapp.configer.DemoPropertyPlaceholderConfigurer](PropertiesLoaderSupport.java:172) - Loading properties file from file [/etc/richey/webapp-demo/jdbc.properties]
[20170920 23:17:44][INFO ][org.springframework.context.support.ClassPathXmlApplicationContext](AbstractApplicationContext.java:578) - Refreshing org.springframework.context.support.ClassPathXmlApplicationContext@66d33a: startup date [Wed Sep 20 23:17:44 CST 2017]; root of context hierarchy
[20170920 23:17:44][INFO ][org.springframework.beans.factory.xml.XmlBeanDefinitionReader](XmlBeanDefinitionReader.java:317) - Loading XML bean definitions from class path resource [applicationContext.xml]
[20170920 23:17:44][INFO ][org.springframework.beans.factory.xml.XmlBeanDefinitionReader](XmlBeanDefinitionReader.java:317) - Loading XML bean definitions from file [/home/richey/github/myProject/webapp-demo/target/classes/spring/applicationContext-AppConfig.xml]
[20170920 23:17:44][INFO ][org.springframework.beans.factory.xml.XmlBeanDefinitionReader](XmlBeanDefinitionReader.java:317) - Loading XML bean definitions from file [/home/richey/github/myProject/webapp-demo/target/classes/spring/applicationContext-mail.xml]
[20170920 23:17:44][INFO ][com.demo.webapp.configer.DemoPropertyPlaceholderConfigurer](DemoPropertyPlaceholderConfigurer.java:74) - Loading properties file : [/etc/richey/webapp-demo/mail.properties].
[20170920 23:17:44][INFO ][com.demo.webapp.configer.DemoPropertyPlaceholderConfigurer](DemoPropertyPlaceholderConfigurer.java:74) - Loading properties file : [/etc/richey/webapp-demo/jdbc.properties].
[20170920 23:17:44][INFO ][com.demo.webapp.configer.DemoPropertyPlaceholderConfigurer](PropertiesLoaderSupport.java:172) - Loading properties file from file [/etc/richey/webapp-demo/mail.properties]
[20170920 23:17:44][INFO ][com.demo.webapp.configer.DemoPropertyPlaceholderConfigurer](PropertiesLoaderSupport.java:172) - Loading properties file from file [/etc/richey/webapp-demo/jdbc.properties]
[20170920 23:18:19][INFO ][org.springframework.context.support.ClassPathXmlApplicationContext](AbstractApplicationContext.java:578) - Refreshing org.springframework.context.support.ClassPathXmlApplicationContext@66d33a: startup date [Wed Sep 20 23:18:19 CST 2017]; root of context hierarchy
[20170920 23:18:20][INFO ][org.springframework.beans.factory.xml.XmlBeanDefinitionReader](XmlBeanDefinitionReader.java:317) - Loading XML bean definitions from class path resource [applicationContext.xml]
[20170920 23:18:20][INFO ][org.springframework.beans.factory.xml.XmlBeanDefinitionReader](XmlBeanDefinitionReader.java:317) - Loading XML bean definitions from file [/home/richey/github/myProject/webapp-demo/target/classes/spring/applicationContext-AppConfig.xml]
[20170920 23:18:20][INFO ][org.springframework.beans.factory.xml.XmlBeanDefinitionReader](XmlBeanDefinitionReader.java:317) - Loading XML bean definitions from file [/home/richey/github/myProject/webapp-demo/target/classes/spring/applicationContext-mail.xml]
[20170920 23:18:20][INFO ][com.demo.webapp.configer.DemoPropertyPlaceholderConfigurer](DemoPropertyPlaceholderConfigurer.java:74) - Loading properties file : [/etc/richey/webapp-demo/mail.properties].
[20170920 23:18:20][INFO ][com.demo.webapp.configer.DemoPropertyPlaceholderConfigurer](DemoPropertyPlaceholderConfigurer.java:74) - Loading properties file : [/etc/richey/webapp-demo/jdbc.properties].
[20170920 23:18:20][INFO ][com.demo.webapp.configer.DemoPropertyPlaceholderConfigurer](PropertiesLoaderSupport.java:172) - Loading properties file from file [/etc/richey/webapp-demo/mail.properties]
[20170920 23:18:20][INFO ][com.demo.webapp.configer.DemoPropertyPlaceholderConfigurer](PropertiesLoaderSupport.java:172) - Loading properties file from file [/etc/richey/webapp-demo/jdbc.properties]
